<?xml version="1.0" encoding="UTF-8"?>
<!-- Generated by org.testng.reporters.JUnitReportReporter -->
<testsuite skipped="0" hostname="DESKTOP-2A5BPMK" name="TestRunner.TestRunner" tests="1" failures="0" timestamp="20 Jan 2019 10:03:21 GMT" time="0.250" errors="0">
  <testcase name="feature" time="0.250" classname="TestRunner.TestRunner"/>
</testsuite> <!-- TestRunner.TestRunner -->
